<?xml version="1.0" encoding="UTF-8"?>
<!-- Generated by org.testng.reporters.JUnitReportReporter -->
<testsuite hostname="user1" failures="0" tests="2" name="testScripts.ConduitTest" time="2.290" errors="0" timestamp="2025-04-15T16:50:41 IST" skipped="0">
  <testcase classname="testScripts.ConduitTest" name="setup" time="0.932"/>
  <testcase classname="testScripts.ConduitTest" name="validLoginTest" time="1.358"/>
</testsuite> <!-- testScripts.ConduitTest -->
