<?xml version="1.0" encoding="UTF-8"?>
<!-- Generated by org.testng.reporters.JUnitReportReporter -->
<testsuite hostname="user1" failures="0" tests="5" name="runner.ConduitRunner" time="12.371" errors="0" timestamp="2025-04-16T11:12:17 IST" skipped="0">
  <testcase classname="runner.ConduitRunner" name="runScenario" time="1.105"/>
  <testcase classname="runner.ConduitRunner" name="runScenario" time="1.806"/>
  <testcase classname="runner.ConduitRunner" name="runScenario" time="7.737"/>
  <testcase classname="runner.ConduitRunner" name="runScenario" time="0.785"/>
  <testcase classname="runner.ConduitRunner" name="runScenario" time="0.938"/>
</testsuite> <!-- runner.ConduitRunner -->
